[0m14:40:18.379474 [debug] [MainThread]: Sending event: {'category': 'dbt', 'action': 'invocation', 'label': 'start', 'context': [<snowplow_tracker.self_describing_json.SelfDescribingJson object at 0x1089bcad0>, <snowplow_tracker.self_describing_json.SelfDescribingJson object at 0x109f4b9d0>, <snowplow_tracker.self_describing_json.SelfDescribingJson object at 0x109f4bb10>]}


============================== 14:40:18.381900 | 6960e74b-b43c-4a15-ad77-9431b677a1a4 ==============================
[0m14:40:18.381900 [info ] [MainThread]: Running with dbt=1.10.13
[0m14:40:18.382154 [debug] [MainThread]: running dbt with arguments {'partial_parse': 'True', 'printer_width': '80', 'profiles_dir': '/Users/coryhans/.dbt', 'static_parser': 'True', 'no_print': 'None', 'empty': 'None', 'write_json': 'True', 'log_cache_events': 'False', 'warn_error_options': 'WarnErrorOptionsV2(error=[], warn=[], silence=[])', 'debug': 'False', 'indirect_selection': 'eager', 'log_format': 'default', 'use_experimental_parser': 'False', 'send_anonymous_usage_stats': 'True', 'log_path': 'logs', 'introspect': 'True', 'version_check': 'True', 'warn_error': 'None', 'cache_selected_only': 'False', 'use_colors': 'True', 'target_path': 'None', 'quiet': 'False', 'fail_fast': 'False', 'invocation_command': 'dbt init dbt_bigquery_project'}
[0m14:40:18.391249 [info ] [MainThread]: Creating dbt configuration folder at /Users/coryhans/.dbt
[0m14:40:18.392119 [debug] [MainThread]: Starter project path: /opt/miniconda3/envs/cmh_googtest/lib/python3.13/site-packages/dbt/include/starter_project
[0m14:40:18.394820 [info ] [MainThread]: 
Your new dbt project "dbt_bigquery_project" was created!

For more information on how to configure the profiles.yml file,
please consult the dbt documentation here:

  https://docs.getdbt.com/docs/configure-your-profile

One more thing:

Need help? Don't hesitate to reach out to us via GitHub issues or on Slack:

  https://community.getdbt.com/

Happy modeling!

[0m14:40:18.394945 [info ] [MainThread]: Setting up your profile.
[0m14:46:47.411581 [info ] [MainThread]: Profile dbt_bigquery_project written to /Users/coryhans/.dbt/profiles.yml using target's profile_template.yml and your supplied values. Run 'dbt debug' to validate the connection.
[0m14:46:47.422394 [debug] [MainThread]: Resource report: {"command_name": "init", "command_success": true, "command_wall_clock_time": 389.0677, "process_in_blocks": "0", "process_kernel_time": 2.615671, "process_mem_max_rss": "395018240", "process_out_blocks": "0", "process_user_time": 2.216636}
[0m14:46:47.423743 [debug] [MainThread]: Command `dbt init` succeeded at 14:46:47.423538 after 389.07 seconds
[0m14:46:47.424228 [debug] [MainThread]: Sending event: {'category': 'dbt', 'action': 'invocation', 'label': 'end', 'context': [<snowplow_tracker.self_describing_json.SelfDescribingJson object at 0x302838c30>, <snowplow_tracker.self_describing_json.SelfDescribingJson object at 0x109e71490>, <snowplow_tracker.self_describing_json.SelfDescribingJson object at 0x3079cd260>]}
[0m14:46:47.424629 [debug] [MainThread]: Flushing usage events
[0m14:46:47.723360 [debug] [MainThread]: An error was encountered while trying to flush usage events
[0m14:46:59.678786 [debug] [MainThread]: Sending event: {'category': 'dbt', 'action': 'invocation', 'label': 'start', 'context': [<snowplow_tracker.self_describing_json.SelfDescribingJson object at 0x104ebcad0>, <snowplow_tracker.self_describing_json.SelfDescribingJson object at 0x10654b9d0>, <snowplow_tracker.self_describing_json.SelfDescribingJson object at 0x10654bb10>]}


============================== 14:46:59.680911 | 9a012b99-b4bf-4f23-977a-82b2aa067219 ==============================
[0m14:46:59.680911 [info ] [MainThread]: Running with dbt=1.10.13
[0m14:46:59.681170 [debug] [MainThread]: running dbt with arguments {'profiles_dir': '/Users/coryhans/.dbt', 'log_format': 'default', 'empty': 'None', 'invocation_command': 'dbt debug', 'log_cache_events': 'False', 'printer_width': '80', 'send_anonymous_usage_stats': 'True', 'warn_error': 'None', 'write_json': 'True', 'partial_parse': 'True', 'no_print': 'None', 'debug': 'False', 'fail_fast': 'False', 'target_path': 'None', 'static_parser': 'True', 'warn_error_options': 'WarnErrorOptionsV2(error=[], warn=[], silence=[])', 'version_check': 'True', 'introspect': 'True', 'cache_selected_only': 'False', 'use_colors': 'True', 'quiet': 'False', 'indirect_selection': 'eager', 'log_path': 'logs', 'use_experimental_parser': 'False'}
[0m14:46:59.687828 [info ] [MainThread]: dbt version: 1.10.13
[0m14:46:59.687948 [info ] [MainThread]: python version: 3.13.9
[0m14:46:59.688043 [info ] [MainThread]: python path: /opt/miniconda3/envs/cmh_googtest/bin/python
[0m14:46:59.688133 [info ] [MainThread]: os info: macOS-15.7.1-arm64-arm-64bit-Mach-O
[0m14:47:01.116103 [info ] [MainThread]: Using profiles dir at /Users/coryhans/.dbt
[0m14:47:01.116319 [info ] [MainThread]: Using profiles.yml file at /Users/coryhans/.dbt/profiles.yml
[0m14:47:01.116444 [info ] [MainThread]: Using dbt_project.yml file at /Users/coryhans/Development/ecommerce_data_pipeline/dbt_project.yml
[0m14:47:01.116543 [info ] [MainThread]: adapter type: bigquery
[0m14:47:01.116635 [info ] [MainThread]: adapter version: 1.10.3
[0m14:47:01.116744 [info ] [MainThread]: Configuration:
[0m14:47:01.116831 [info ] [MainThread]:   profiles.yml file [[32mOK found and valid[0m]
[0m14:47:01.116916 [info ] [MainThread]:   dbt_project.yml file [[31mERROR not found[0m]
[0m14:47:01.117003 [info ] [MainThread]: Required dependencies:
[0m14:47:01.117121 [debug] [MainThread]: Executing "git --help"
[0m14:47:01.129956 [debug] [MainThread]: STDOUT: "b"usage: git [-v | --version] [-h | --help] [-C <path>] [-c <name>=<value>]\n           [--exec-path[=<path>]] [--html-path] [--man-path] [--info-path]\n           [-p | --paginate | -P | --no-pager] [--no-replace-objects] [--no-lazy-fetch]\n           [--no-optional-locks] [--no-advice] [--bare] [--git-dir=<path>]\n           [--work-tree=<path>] [--namespace=<name>] [--config-env=<name>=<envvar>]\n           <command> [<args>]\n\nThese are common Git commands used in various situations:\n\nstart a working area (see also: git help tutorial)\n   clone      Clone a repository into a new directory\n   init       Create an empty Git repository or reinitialize an existing one\n\nwork on the current change (see also: git help everyday)\n   add        Add file contents to the index\n   mv         Move or rename a file, a directory, or a symlink\n   restore    Restore working tree files\n   rm         Remove files from the working tree and from the index\n\nexamine the history and state (see also: git help revisions)\n   bisect     Use binary search to find the commit that introduced a bug\n   diff       Show changes between commits, commit and working tree, etc\n   grep       Print lines matching a pattern\n   log        Show commit logs\n   show       Show various types of objects\n   status     Show the working tree status\n\ngrow, mark and tweak your common history\n   backfill   Download missing objects in a partial clone\n   branch     List, create, or delete branches\n   commit     Record changes to the repository\n   merge      Join two or more development histories together\n   rebase     Reapply commits on top of another base tip\n   reset      Reset current HEAD to the specified state\n   switch     Switch branches\n   tag        Create, list, delete or verify a tag object signed with GPG\n\ncollaborate (see also: git help workflows)\n   fetch      Download objects and refs from another repository\n   pull       Fetch from and integrate with another repository or a local branch\n   push       Update remote refs along with associated objects\n\n'git help -a' and 'git help -g' list available subcommands and some\nconcept guides. See 'git help <command>' or 'git help <concept>'\nto read about a specific subcommand or concept.\nSee 'git help git' for an overview of the system.\n""
[0m14:47:01.130453 [debug] [MainThread]: STDERR: "b''"
[0m14:47:01.130578 [info ] [MainThread]:  - git [[32mOK found[0m]

[0m14:47:01.130701 [info ] [MainThread]: Connection:
[0m14:47:01.130849 [info ] [MainThread]:   method: service-account
[0m14:47:01.130943 [info ] [MainThread]:   database: ecommerce-data-pipeline-477403
[0m14:47:01.131032 [info ] [MainThread]:   execution_project: ecommerce-data-pipeline-477403
[0m14:47:01.131113 [info ] [MainThread]:   schema: dbt_dev
[0m14:47:01.131195 [info ] [MainThread]:   location: US
[0m14:47:01.131275 [info ] [MainThread]:   priority: interactive
[0m14:47:01.131357 [info ] [MainThread]:   maximum_bytes_billed: None
[0m14:47:01.131439 [info ] [MainThread]:   impersonate_service_account: None
[0m14:47:01.131522 [info ] [MainThread]:   job_retry_deadline_seconds: None
[0m14:47:01.131601 [info ] [MainThread]:   job_retries: 1
[0m14:47:01.131679 [info ] [MainThread]:   job_creation_timeout_seconds: None
[0m14:47:01.131759 [info ] [MainThread]:   job_execution_timeout_seconds: 300
[0m14:47:01.131837 [info ] [MainThread]:   timeout_seconds: 300
[0m14:47:01.131914 [info ] [MainThread]:   client_id: None
[0m14:47:01.131992 [info ] [MainThread]:   token_uri: None
[0m14:47:01.132073 [info ] [MainThread]:   compute_region: None
[0m14:47:01.132150 [info ] [MainThread]:   dataproc_cluster_name: None
[0m14:47:01.132228 [info ] [MainThread]:   gcs_bucket: None
[0m14:47:01.132303 [info ] [MainThread]:   dataproc_batch: None
[0m14:47:01.132543 [info ] [MainThread]: Registered adapter: bigquery=1.10.3
[0m14:47:01.396453 [debug] [MainThread]: Acquiring new bigquery connection 'debug'
[0m14:47:01.396749 [debug] [MainThread]: On debug: select 1 as id
[0m14:47:01.396878 [debug] [MainThread]: Opening a new connection, currently in state init
[0m14:47:02.508713 [debug] [MainThread]: BigQuery adapter: https://console.cloud.google.com/bigquery?project=ecommerce-data-pipeline-477403&j=bq:US:a52eff20-dd3f-4986-b0e1-542c8f79cae9&page=queryresults
[0m14:47:03.384147 [info ] [MainThread]:   Connection test: [[32mOK connection ok[0m]

[0m14:47:03.385344 [info ] [MainThread]: [31m1 check failed:[0m
[0m14:47:03.385882 [info ] [MainThread]: Project loading failed for the following reason:
 project path </Users/coryhans/Development/ecommerce_data_pipeline/dbt_project.yml> not found

[0m14:47:03.396700 [debug] [MainThread]: Resource report: {"command_name": "debug", "command_success": false, "command_wall_clock_time": 3.7446043, "process_in_blocks": "0", "process_kernel_time": 2.944545, "process_mem_max_rss": "401588224", "process_out_blocks": "0", "process_user_time": 1.980029}
[0m14:47:03.397419 [debug] [MainThread]: Command `dbt debug` failed at 14:47:03.397284 after 3.75 seconds
[0m14:47:03.397830 [debug] [MainThread]: Connection 'debug' was properly closed.
[0m14:47:03.398232 [debug] [MainThread]: Sending event: {'category': 'dbt', 'action': 'invocation', 'label': 'end', 'context': [<snowplow_tracker.self_describing_json.SelfDescribingJson object at 0x17d33f100>, <snowplow_tracker.self_describing_json.SelfDescribingJson object at 0x17d37f770>, <snowplow_tracker.self_describing_json.SelfDescribingJson object at 0x17d1d17b0>]}
[0m14:47:03.398693 [debug] [MainThread]: Flushing usage events
[0m14:47:03.595015 [debug] [MainThread]: An error was encountered while trying to flush usage events
[0m17:10:21.203271 [debug] [MainThread]: Sending event: {'category': 'dbt', 'action': 'invocation', 'label': 'start', 'context': [<snowplow_tracker.self_describing_json.SelfDescribingJson object at 0x106400ad0>, <snowplow_tracker.self_describing_json.SelfDescribingJson object at 0x11024b9d0>, <snowplow_tracker.self_describing_json.SelfDescribingJson object at 0x11024bb10>]}


============================== 17:10:21.205911 | 50836b72-253e-4d2f-bb7b-a0ecc4baf671 ==============================
[0m17:10:21.205911 [info ] [MainThread]: Running with dbt=1.10.13
[0m17:10:21.206188 [debug] [MainThread]: running dbt with arguments {'target_path': 'None', 'printer_width': '80', 'use_experimental_parser': 'False', 'indirect_selection': 'eager', 'introspect': 'True', 'empty': 'None', 'use_colors': 'True', 'log_format': 'default', 'quiet': 'False', 'log_path': 'logs', 'log_cache_events': 'False', 'warn_error_options': 'WarnErrorOptionsV2(error=[], warn=[], silence=[])', 'no_print': 'None', 'static_parser': 'True', 'partial_parse': 'True', 'fail_fast': 'False', 'cache_selected_only': 'False', 'send_anonymous_usage_stats': 'True', 'warn_error': 'None', 'invocation_command': 'dbt debug', 'version_check': 'True', 'debug': 'False', 'write_json': 'True', 'profiles_dir': '/Users/coryhans/.dbt'}
[0m17:10:21.214394 [info ] [MainThread]: dbt version: 1.10.13
[0m17:10:21.214554 [info ] [MainThread]: python version: 3.13.9
[0m17:10:21.214662 [info ] [MainThread]: python path: /opt/miniconda3/envs/cmh_googtest/bin/python
[0m17:10:21.214756 [info ] [MainThread]: os info: macOS-15.7.1-arm64-arm-64bit-Mach-O
[0m17:10:22.871836 [info ] [MainThread]: Using profiles dir at /Users/coryhans/.dbt
[0m17:10:22.872054 [info ] [MainThread]: Using profiles.yml file at /Users/coryhans/.dbt/profiles.yml
[0m17:10:22.872167 [info ] [MainThread]: Using dbt_project.yml file at /Users/coryhans/Development/ecommerce_data_pipeline/dbt_project.yml
[0m17:10:22.872264 [info ] [MainThread]: adapter type: bigquery
[0m17:10:22.872358 [info ] [MainThread]: adapter version: 1.10.3
[0m17:10:22.872474 [info ] [MainThread]: Configuration:
[0m17:10:22.872559 [info ] [MainThread]:   profiles.yml file [[32mOK found and valid[0m]
[0m17:10:22.872644 [info ] [MainThread]:   dbt_project.yml file [[31mERROR not found[0m]
[0m17:10:22.872731 [info ] [MainThread]: Required dependencies:
[0m17:10:22.872851 [debug] [MainThread]: Executing "git --help"
[0m17:10:22.893781 [debug] [MainThread]: STDOUT: "b"usage: git [-v | --version] [-h | --help] [-C <path>] [-c <name>=<value>]\n           [--exec-path[=<path>]] [--html-path] [--man-path] [--info-path]\n           [-p | --paginate | -P | --no-pager] [--no-replace-objects] [--no-lazy-fetch]\n           [--no-optional-locks] [--no-advice] [--bare] [--git-dir=<path>]\n           [--work-tree=<path>] [--namespace=<name>] [--config-env=<name>=<envvar>]\n           <command> [<args>]\n\nThese are common Git commands used in various situations:\n\nstart a working area (see also: git help tutorial)\n   clone      Clone a repository into a new directory\n   init       Create an empty Git repository or reinitialize an existing one\n\nwork on the current change (see also: git help everyday)\n   add        Add file contents to the index\n   mv         Move or rename a file, a directory, or a symlink\n   restore    Restore working tree files\n   rm         Remove files from the working tree and from the index\n\nexamine the history and state (see also: git help revisions)\n   bisect     Use binary search to find the commit that introduced a bug\n   diff       Show changes between commits, commit and working tree, etc\n   grep       Print lines matching a pattern\n   log        Show commit logs\n   show       Show various types of objects\n   status     Show the working tree status\n\ngrow, mark and tweak your common history\n   backfill   Download missing objects in a partial clone\n   branch     List, create, or delete branches\n   commit     Record changes to the repository\n   merge      Join two or more development histories together\n   rebase     Reapply commits on top of another base tip\n   reset      Reset current HEAD to the specified state\n   switch     Switch branches\n   tag        Create, list, delete or verify a tag object signed with GPG\n\ncollaborate (see also: git help workflows)\n   fetch      Download objects and refs from another repository\n   pull       Fetch from and integrate with another repository or a local branch\n   push       Update remote refs along with associated objects\n\n'git help -a' and 'git help -g' list available subcommands and some\nconcept guides. See 'git help <command>' or 'git help <concept>'\nto read about a specific subcommand or concept.\nSee 'git help git' for an overview of the system.\n""
[0m17:10:22.894211 [debug] [MainThread]: STDERR: "b''"
[0m17:10:22.894339 [info ] [MainThread]:  - git [[32mOK found[0m]

[0m17:10:22.894488 [info ] [MainThread]: Connection:
[0m17:10:22.894627 [info ] [MainThread]:   method: service-account
[0m17:10:22.894727 [info ] [MainThread]:   database: ecommerce-data-pipeline-477403
[0m17:10:22.894812 [info ] [MainThread]:   execution_project: ecommerce-data-pipeline-477403
[0m17:10:22.894897 [info ] [MainThread]:   schema: dbt_dev
[0m17:10:22.894976 [info ] [MainThread]:   location: US
[0m17:10:22.895057 [info ] [MainThread]:   priority: interactive
[0m17:10:22.895145 [info ] [MainThread]:   maximum_bytes_billed: None
[0m17:10:22.895223 [info ] [MainThread]:   impersonate_service_account: None
[0m17:10:22.895304 [info ] [MainThread]:   job_retry_deadline_seconds: None
[0m17:10:22.895380 [info ] [MainThread]:   job_retries: 1
[0m17:10:22.895459 [info ] [MainThread]:   job_creation_timeout_seconds: None
[0m17:10:22.895535 [info ] [MainThread]:   job_execution_timeout_seconds: 300
[0m17:10:22.895614 [info ] [MainThread]:   timeout_seconds: 300
[0m17:10:22.895689 [info ] [MainThread]:   client_id: None
[0m17:10:22.895781 [info ] [MainThread]:   token_uri: None
[0m17:10:22.895859 [info ] [MainThread]:   compute_region: None
[0m17:10:22.895933 [info ] [MainThread]:   dataproc_cluster_name: None
[0m17:10:22.896010 [info ] [MainThread]:   gcs_bucket: None
[0m17:10:22.896084 [info ] [MainThread]:   dataproc_batch: None
[0m17:10:22.896351 [info ] [MainThread]: Registered adapter: bigquery=1.10.3
[0m17:10:22.977374 [debug] [MainThread]: Acquiring new bigquery connection 'debug'
[0m17:10:22.977677 [debug] [MainThread]: On debug: select 1 as id
[0m17:10:22.977808 [debug] [MainThread]: Opening a new connection, currently in state init
[0m17:10:23.736981 [debug] [MainThread]: BigQuery adapter: https://console.cloud.google.com/bigquery?project=ecommerce-data-pipeline-477403&j=bq:US:e5f6840e-eb81-4a11-8fe9-9fd2021363ec&page=queryresults
[0m17:10:24.202367 [info ] [MainThread]:   Connection test: [[32mOK connection ok[0m]

[0m17:10:24.203437 [info ] [MainThread]: [31m1 check failed:[0m
[0m17:10:24.203924 [info ] [MainThread]: Project loading failed for the following reason:
 project path </Users/coryhans/Development/ecommerce_data_pipeline/dbt_project.yml> not found

[0m17:10:24.215496 [debug] [MainThread]: Resource report: {"command_name": "debug", "command_success": false, "command_wall_clock_time": 3.0440347, "process_in_blocks": "0", "process_kernel_time": 3.096559, "process_mem_max_rss": "401309696", "process_out_blocks": "0", "process_user_time": 1.816458}
[0m17:10:24.216216 [debug] [MainThread]: Command `dbt debug` failed at 17:10:24.216078 after 3.04 seconds
[0m17:10:24.216566 [debug] [MainThread]: Connection 'debug' was properly closed.
[0m17:10:24.216894 [debug] [MainThread]: Sending event: {'category': 'dbt', 'action': 'invocation', 'label': 'end', 'context': [<snowplow_tracker.self_describing_json.SelfDescribingJson object at 0x30013f100>, <snowplow_tracker.self_describing_json.SelfDescribingJson object at 0x30017b770>, <snowplow_tracker.self_describing_json.SelfDescribingJson object at 0x3000d17b0>]}
[0m17:10:24.217266 [debug] [MainThread]: Flushing usage events
[0m17:10:24.505052 [debug] [MainThread]: An error was encountered while trying to flush usage events
